{
  "stats": {
    "suites": 1,
    "tests": 1,
    "passes": 1,
    "pending": 0,
    "failures": 0,
    "start": "2024-01-08T11:55:14.295Z",
    "end": "2024-01-08T11:55:50.967Z",
    "duration": 36672,
    "testsRegistered": 3,
    "passPercent": 33.33333333333333,
    "pendingPercent": 0,
    "other": 0,
    "hasOther": false,
    "skipped": 2,
    "hasSkipped": true
  },
  "results": [
    {
      "uuid": "c7d62053-f983-41c1-ab6b-63652b79c32f",
      "title": "",
      "fullFile": "",
      "file": "",
      "beforeHooks": [],
      "afterHooks": [],
      "tests": [],
      "suites": [
        {
          "uuid": "4131135d-0157-40ff-8009-c5eed2fa342e",
          "title": "Edit User Data",
          "fullFile": "C:\\Users\\gfbgfb\\Documents\\Tester\\CursoQA\\Testes Automatizados\\frontend\\projeto2_codeceptjs_playwright\\steps\\edit_user_test.js",
          "file": "\\steps\\edit_user_test.js",
          "beforeHooks": [
            {
              "title": "\"before all\" hook: codeceptjs.beforeSuite in \"Edit User Data\"",
              "fullTitle": "Edit User Data \"before all\" hook: codeceptjs.beforeSuite in \"Edit User Data\"",
              "timedOut": false,
              "duration": 2795,
              "state": null,
              "speed": null,
              "pass": false,
              "fail": false,
              "pending": false,
              "context": null,
              "code": "scenario.suiteSetup(suite)",
              "err": {},
              "uuid": "21a894ba-35b0-4a64-bccd-f6de42a5cff3",
              "parentUUID": "4131135d-0157-40ff-8009-c5eed2fa342e",
              "isHook": true,
              "skipped": false
            },
            {
              "title": "\"before each\" hook: codeceptjs.before in \"Edit User Data\"",
              "fullTitle": "Edit User Data \"before each\" hook: codeceptjs.before in \"Edit User Data\"",
              "timedOut": false,
              "duration": 1863,
              "state": null,
              "speed": null,
              "pass": false,
              "fail": false,
              "pending": false,
              "context": null,
              "code": "scenario.setup(suite)",
              "err": {},
              "uuid": "3509cda0-2772-4d33-84d1-5039881500d8",
              "parentUUID": "4131135d-0157-40ff-8009-c5eed2fa342e",
              "isHook": true,
              "skipped": false
            }
          ],
          "afterHooks": [
            {
              "title": "\"after all\" hook: codeceptjs.afterSuite in \"Edit User Data\"",
              "fullTitle": "Edit User Data \"after all\" hook: codeceptjs.afterSuite in \"Edit User Data\"",
              "timedOut": false,
              "duration": 0,
              "state": null,
              "speed": null,
              "pass": false,
              "fail": false,
              "pending": false,
              "context": null,
              "code": "scenario.suiteTeardown(suite)",
              "err": {},
              "uuid": "2f764c57-f232-4555-994e-0a974f21254a",
              "parentUUID": "4131135d-0157-40ff-8009-c5eed2fa342e",
              "isHook": true,
              "skipped": false
            },
            {
              "title": "\"after each\" hook: finalize codeceptjs in \"Edit User Data\"",
              "fullTitle": "Edit User Data \"after each\" hook: finalize codeceptjs in \"Edit User Data\"",
              "timedOut": false,
              "duration": 82,
              "state": null,
              "speed": null,
              "pass": false,
              "fail": false,
              "pending": false,
              "context": null,
              "code": "scenario.teardown(suite)",
              "err": {},
              "uuid": "9a3c0617-ee84-47a9-82ad-49e9a0ab0a69",
              "parentUUID": "4131135d-0157-40ff-8009-c5eed2fa342e",
              "isHook": true,
              "skipped": false
            }
          ],
          "tests": [
            {
              "title": "Auto Login @autologin",
              "fullTitle": "Edit User Data: Auto Login @autologin",
              "timedOut": false,
              "duration": 0,
              "state": null,
              "speed": null,
              "pass": false,
              "fail": false,
              "pending": false,
              "context": null,
              "code": "login}) => { // login está aqui ou poderia estar na const lá em cima, pois estamos INJETANDO ele aqui\n    login('user1')",
              "err": {},
              "uuid": "07b52d00-f060-4879-8464-6670a4669b92",
              "parentUUID": "4131135d-0157-40ff-8009-c5eed2fa342e",
              "isHook": false,
              "skipped": true
            },
            {
              "title": "Editing Account @edit_user",
              "fullTitle": "Edit User Data: Editing Account @edit_user",
              "timedOut": false,
              "duration": 31884,
              "state": "passed",
              "speed": "slow",
              "pass": true,
              "fail": false,
              "pending": false,
              "context": null,
              "code": "// \"I\" retirado devido já estar lá em cima\n   \n   I.amOnPage('') // como está vazio ele vai para a página padrão que está no codecept.conf.js\n   \n   //home\n   home_page.AccessRegisterPage()\n   \n   //register\n   register_page.submitRegister(faker.fakerPT_BR.person.fullName(), faker.fakerPT_BR.internet.email(), secret(faker.fakerPT_BR.internet.password()))\n   \n   //my_account\n   my_account_page.enterMyAccount()\n   //customer_account_details\n   customer_account_details_page.updateCustomerDetails()\n   \n   //account_edit\n   account_edit_page.editCustomerDetails()\n   //profile\n   profile_page.profileConfirmation()",
              "err": {},
              "uuid": "2ffe205e-1d9c-4610-89fa-4d354545bd4d",
              "parentUUID": "4131135d-0157-40ff-8009-c5eed2fa342e",
              "isHook": false,
              "skipped": false
            }
          ],
          "suites": [],
          "passes": [
            "2ffe205e-1d9c-4610-89fa-4d354545bd4d"
          ],
          "failures": [],
          "pending": [],
          "skipped": [
            "07b52d00-f060-4879-8464-6670a4669b92"
          ],
          "duration": 31884,
          "root": false,
          "rootEmpty": false,
          "_timeout": 0
        },
        {
          "uuid": "c6e16450-fdff-498e-8549-11d365d41613",
          "title": "Login",
          "fullFile": "C:\\Users\\gfbgfb\\Documents\\Tester\\CursoQA\\Testes Automatizados\\frontend\\projeto2_codeceptjs_playwright\\steps\\login_test.js",
          "file": "\\steps\\login_test.js",
          "beforeHooks": [
            {
              "title": "\"before all\" hook: codeceptjs.beforeSuite",
              "fullTitle": "Login \"before all\" hook: codeceptjs.beforeSuite",
              "timedOut": false,
              "duration": 0,
              "state": null,
              "speed": null,
              "pass": false,
              "fail": false,
              "pending": false,
              "context": null,
              "code": "scenario.suiteSetup(suite)",
              "err": {},
              "uuid": "774a9891-fa03-4979-9eb6-5e7ba33b26f3",
              "parentUUID": null,
              "isHook": true,
              "skipped": false
            },
            {
              "title": "\"before each\" hook: codeceptjs.before",
              "fullTitle": "Login \"before each\" hook: codeceptjs.before",
              "timedOut": false,
              "duration": 0,
              "state": null,
              "speed": null,
              "pass": false,
              "fail": false,
              "pending": false,
              "context": null,
              "code": "scenario.setup(suite)",
              "err": {},
              "uuid": "27728924-3a3a-41a3-8deb-480f860cb40e",
              "parentUUID": null,
              "isHook": true,
              "skipped": false
            }
          ],
          "afterHooks": [
            {
              "title": "\"after all\" hook: codeceptjs.afterSuite",
              "fullTitle": "Login \"after all\" hook: codeceptjs.afterSuite",
              "timedOut": false,
              "duration": 0,
              "state": null,
              "speed": null,
              "pass": false,
              "fail": false,
              "pending": false,
              "context": null,
              "code": "scenario.suiteTeardown(suite)",
              "err": {},
              "uuid": "8ba04aba-d2e9-4b52-adee-34e5aca83ec6",
              "parentUUID": null,
              "isHook": true,
              "skipped": false
            },
            {
              "title": "\"after each\" hook: finalize codeceptjs",
              "fullTitle": "Login \"after each\" hook: finalize codeceptjs",
              "timedOut": false,
              "duration": 0,
              "state": null,
              "speed": null,
              "pass": false,
              "fail": false,
              "pending": false,
              "context": null,
              "code": "scenario.teardown(suite)",
              "err": {},
              "uuid": "9c2aa0f2-6aa3-4cc7-83d1-20aaf8d4e633",
              "parentUUID": null,
              "isHook": true,
              "skipped": false
            }
          ],
          "tests": [
            {
              "title": "Login With Sucess @sucesslogin",
              "fullTitle": "Login: Login With Sucess @sucesslogin",
              "timedOut": false,
              "duration": 0,
              "state": null,
              "speed": null,
              "pass": false,
              "fail": false,
              "pending": false,
              "context": null,
              "code": "I }) => { \n    // home_page\n    I.amOnPage('') // como está vazio ele vai para a página padrão que está no codecept.conf.js\n    I.click('.fa-user')\n    // login_page\n    I.waitForElement('#user')\n    I.fillField('#user', faker.fakerPT_BR.internet.email())\n    I.fillField('#password', secret(faker.fakerPT_BR.internet.password()))\n    I.click('#btnLogin')\n    I.see('Login realizado')",
              "err": {},
              "uuid": "95e25fe1-e405-4bcb-abbc-cdcaf4040edb",
              "parentUUID": null,
              "isHook": false,
              "skipped": true
            }
          ],
          "suites": [],
          "passes": [],
          "failures": [],
          "pending": [],
          "skipped": [
            "95e25fe1-e405-4bcb-abbc-cdcaf4040edb"
          ],
          "duration": 0,
          "root": false,
          "rootEmpty": false,
          "_timeout": 0
        }
      ],
      "passes": [],
      "failures": [],
      "pending": [],
      "skipped": [],
      "duration": 0,
      "root": true,
      "rootEmpty": true,
      "_timeout": 0
    }
  ],
  "meta": {
    "mocha": {
      "version": "10.2.0"
    },
    "mochawesome": {
      "options": {
        "quiet": false,
        "reportFilename": "mochawesome",
        "saveHtml": true,
        "saveJson": true,
        "consoleReporter": "spec",
        "useInlineDiffs": false,
        "code": true
      },
      "version": "7.1.3"
    },
    "marge": {
      "options": {},
      "version": "6.2.0"
    }
  }
}